<?xml version="1.0" encoding="UTF-8"?>
<!-- Generated by org.testng.reporters.JUnitXMLReporter -->
<testsuite hostname="DESKTOP-B75F35K" ignored="4" name="Default test" tests="27" failures="0" timestamp="04 Mar 2019 10:05:13 GMT" time="488.96" errors="0">
  <testcase name="ValidateLogin" time="27.422" classname="smokeTest.ValidateSmokeTest"/>
  <testcase name="ValidateFavoriteIcon" time="13.82" classname="smokeTest.ValidateSmokeTest"/>
  <testcase name="ValidateSearching" time="6.787" classname="smokeTest.ValidateSmokeTest"/>
  <testcase name="ValidatePDPandAddToCart" time="29.523" classname="smokeTest.ValidateSmokeTest"/>
  <testcase name="ValidateRecentViewLink" time="18.238" classname="smokeTest.ValidateSmokeTest"/>
  <testcase name="ValidateFooterLogo" time="2.777" classname="smokeTest.ValidateSmokeTest"/>
  <testcase name="ValidateMyProfNavigation" time="5.21" classname="smokeTest.ValidateSmokeTest"/>
  <testcase name="ValidateHeaderLogo" time="2.072" classname="smokeTest.ValidateSmokeTest"/>
  <testcase name="ValidateStandardsCatalog" time="5.081" classname="smokeTest.ValidateSmokeTest"/>
  <testcase name="ValidateStandardsCatalogDetail" time="18.38" classname="smokeTest.ValidateSmokeTest"/>
  <testcase name="ValidateAllProduct" time="1.932" classname="smokeTest.ValidateSmokeTest"/>
  <testcase name="ValidateAudioCablesCategory" time="5.119" classname="smokeTest.ValidateSmokeTest"/>
  <testcase name="ValidateResources" time="12.784" classname="smokeTest.ValidateSmokeTest"/>
  <testcase name="ValidateSpecialOffer" time="5.311" classname="smokeTest.ValidateSmokeTest"/>
  <testcase name="ValidateCartPage" time="8.683" classname="smokeTest.ValidateSmokeTest"/>
  <testcase name="ValidateCheckoutProcess" time="62.945" classname="smokeTest.ValidateSmokeTest"/>
  <testcase name="ValidateCheckoutHeaderLogo" time="13.209" classname="smokeTest.ValidateSmokeTest"/>
  <testcase name="ValidateCheckoutFooterLogo" time="2.868" classname="smokeTest.ValidateSmokeTest"/>
  <testcase name="ValidateFooterLinks" time="74.792" classname="smokeTest.ValidateSmokeTest"/>
  <testcase name="ValidateTrackpage" time="13.423" classname="smokeTest.ValidateSmokeTest"/>
  <testcase name="ValidateordersPage" time="17.497" classname="smokeTest.ValidateSmokeTest"/>
  <testcase name="ValidatePurchaseAnalysisPage" time="24.07" classname="smokeTest.ValidateSmokeTest"/>
  <testcase name="ValidatePAEmail" time="1.364" classname="smokeTest.ValidateSmokeTest"/>
  <testcase name="ValidateCalendarPage" time="9.226" classname="smokeTest.ValidateSmokeTest"/>
  <testcase name="ValidateCalendarLinks" time="46.787" classname="smokeTest.ValidateSmokeTest"/>
  <testcase name="ValidateSavedReports" time="14.491" classname="smokeTest.ValidateSmokeTest"/>
  <testcase name="ValidateCompaePage" time="42.538" classname="smokeTest.ValidateSmokeTest"/>
  <testcase name="ValidateRemoveFromCart" time="0.0" classname="smokeTest.ValidateSmokeTest">
    <ignored/>
  </testcase> <!-- ValidateRemoveFromCart -->
  <testcase name="ValidateAddTofavorites" time="0.0" classname="smokeTest.ValidateSmokeTest">
    <ignored/>
  </testcase> <!-- ValidateAddTofavorites -->
  <testcase name="ValidateAllReportsLinks" time="0.0" classname="smokeTest.ValidateSmokeTest">
    <ignored/>
  </testcase> <!-- ValidateAllReportsLinks -->
  <testcase name="ValidateAddToCart" time="0.0" classname="smokeTest.ValidateSmokeTest">
    <ignored/>
  </testcase> <!-- ValidateAddToCart -->
</testsuite> <!-- Default test -->
