<?xml version="1.0" encoding="UTF-8"?>
<testng-results skipped="0" failed="0" ignored="4" total="31" passed="27">
  <reporter-output>
  </reporter-output>
  <suite name="Default suite" duration-ms="488960" started-at="2019-03-04T09:57:04Z" finished-at="2019-03-04T10:05:13Z">
    <groups>
    </groups>
    <test name="Default test" duration-ms="488960" started-at="2019-03-04T09:57:04Z" finished-at="2019-03-04T10:05:13Z">
      <class name="smokeTest.ValidateSmokeTest">
        <test-method status="PASS" signature="ValidateLogin()[pri:0, instance:smokeTest.ValidateSmokeTest@7c0c77c7]" name="ValidateLogin" duration-ms="27422" started-at="2019-03-04T14:57:04Z" finished-at="2019-03-04T14:57:32Z">
          <reporter-output>
          </reporter-output>
        </test-method> <!-- ValidateLogin -->
        <test-method status="PASS" signature="ValidateFavoriteIcon()[pri:1, instance:smokeTest.ValidateSmokeTest@7c0c77c7]" name="ValidateFavoriteIcon" duration-ms="13820" started-at="2019-03-04T14:57:32Z" finished-at="2019-03-04T14:57:45Z">
          <reporter-output>
          </reporter-output>
        </test-method> <!-- ValidateFavoriteIcon -->
        <test-method status="PASS" signature="ValidateSearching()[pri:2, instance:smokeTest.ValidateSmokeTest@7c0c77c7]" name="ValidateSearching" duration-ms="6787" started-at="2019-03-04T14:57:45Z" finished-at="2019-03-04T14:57:52Z">
          <reporter-output>
          </reporter-output>
        </test-method> <!-- ValidateSearching -->
        <test-method status="PASS" signature="ValidatePDPandAddToCart()[pri:5, instance:smokeTest.ValidateSmokeTest@7c0c77c7]" name="ValidatePDPandAddToCart" duration-ms="29523" started-at="2019-03-04T14:57:52Z" finished-at="2019-03-04T14:58:22Z">
          <reporter-output>
          </reporter-output>
        </test-method> <!-- ValidatePDPandAddToCart -->
        <test-method status="PASS" signature="ValidateRecentViewLink()[pri:6, instance:smokeTest.ValidateSmokeTest@7c0c77c7]" name="ValidateRecentViewLink" duration-ms="18238" started-at="2019-03-04T14:58:22Z" finished-at="2019-03-04T14:58:40Z">
          <reporter-output>
          </reporter-output>
        </test-method> <!-- ValidateRecentViewLink -->
        <test-method status="PASS" signature="ValidateFooterLogo()[pri:7, instance:smokeTest.ValidateSmokeTest@7c0c77c7]" name="ValidateFooterLogo" duration-ms="2777" started-at="2019-03-04T14:58:40Z" finished-at="2019-03-04T14:58:43Z">
          <reporter-output>
          </reporter-output>
        </test-method> <!-- ValidateFooterLogo -->
        <test-method status="PASS" signature="ValidateMyProfNavigation()[pri:8, instance:smokeTest.ValidateSmokeTest@7c0c77c7]" name="ValidateMyProfNavigation" duration-ms="5210" started-at="2019-03-04T14:58:43Z" finished-at="2019-03-04T14:58:48Z">
          <reporter-output>
          </reporter-output>
        </test-method> <!-- ValidateMyProfNavigation -->
        <test-method status="PASS" signature="ValidateHeaderLogo()[pri:9, instance:smokeTest.ValidateSmokeTest@7c0c77c7]" name="ValidateHeaderLogo" duration-ms="2072" started-at="2019-03-04T14:58:48Z" finished-at="2019-03-04T14:58:50Z">
          <reporter-output>
          </reporter-output>
        </test-method> <!-- ValidateHeaderLogo -->
        <test-method status="PASS" signature="ValidateStandardsCatalog()[pri:10, instance:smokeTest.ValidateSmokeTest@7c0c77c7]" name="ValidateStandardsCatalog" duration-ms="5081" started-at="2019-03-04T14:58:50Z" finished-at="2019-03-04T14:58:55Z">
          <reporter-output>
          </reporter-output>
        </test-method> <!-- ValidateStandardsCatalog -->
        <test-method status="PASS" signature="ValidateStandardsCatalogDetail()[pri:11, instance:smokeTest.ValidateSmokeTest@7c0c77c7]" name="ValidateStandardsCatalogDetail" duration-ms="18380" started-at="2019-03-04T14:58:55Z" finished-at="2019-03-04T14:59:14Z">
          <reporter-output>
          </reporter-output>
        </test-method> <!-- ValidateStandardsCatalogDetail -->
        <test-method status="PASS" signature="ValidateAllProduct()[pri:12, instance:smokeTest.ValidateSmokeTest@7c0c77c7]" name="ValidateAllProduct" duration-ms="1932" started-at="2019-03-04T14:59:14Z" finished-at="2019-03-04T14:59:16Z">
          <reporter-output>
          </reporter-output>
        </test-method> <!-- ValidateAllProduct -->
        <test-method status="PASS" signature="ValidateAudioCablesCategory()[pri:13, instance:smokeTest.ValidateSmokeTest@7c0c77c7]" name="ValidateAudioCablesCategory" duration-ms="5119" started-at="2019-03-04T14:59:16Z" finished-at="2019-03-04T14:59:21Z">
          <reporter-output>
          </reporter-output>
        </test-method> <!-- ValidateAudioCablesCategory -->
        <test-method status="PASS" signature="ValidateResources()[pri:14, instance:smokeTest.ValidateSmokeTest@7c0c77c7]" name="ValidateResources" duration-ms="12784" started-at="2019-03-04T14:59:21Z" finished-at="2019-03-04T14:59:33Z">
          <reporter-output>
          </reporter-output>
        </test-method> <!-- ValidateResources -->
        <test-method status="PASS" signature="ValidateSpecialOffer()[pri:15, instance:smokeTest.ValidateSmokeTest@7c0c77c7]" name="ValidateSpecialOffer" duration-ms="5311" started-at="2019-03-04T14:59:33Z" finished-at="2019-03-04T14:59:39Z">
          <reporter-output>
          </reporter-output>
        </test-method> <!-- ValidateSpecialOffer -->
        <test-method status="PASS" signature="ValidateCartPage()[pri:16, instance:smokeTest.ValidateSmokeTest@7c0c77c7]" name="ValidateCartPage" duration-ms="8683" started-at="2019-03-04T14:59:39Z" finished-at="2019-03-04T14:59:47Z">
          <reporter-output>
          </reporter-output>
        </test-method> <!-- ValidateCartPage -->
        <test-method status="PASS" signature="ValidateCheckoutProcess()[pri:18, instance:smokeTest.ValidateSmokeTest@7c0c77c7]" name="ValidateCheckoutProcess" duration-ms="62945" started-at="2019-03-04T14:59:47Z" finished-at="2019-03-04T15:00:50Z">
          <reporter-output>
          </reporter-output>
        </test-method> <!-- ValidateCheckoutProcess -->
        <test-method status="PASS" signature="ValidateCheckoutHeaderLogo()[pri:19, instance:smokeTest.ValidateSmokeTest@7c0c77c7]" name="ValidateCheckoutHeaderLogo" duration-ms="13209" started-at="2019-03-04T15:00:50Z" finished-at="2019-03-04T15:01:04Z">
          <reporter-output>
          </reporter-output>
        </test-method> <!-- ValidateCheckoutHeaderLogo -->
        <test-method status="PASS" signature="ValidateCheckoutFooterLogo()[pri:20, instance:smokeTest.ValidateSmokeTest@7c0c77c7]" name="ValidateCheckoutFooterLogo" duration-ms="2868" started-at="2019-03-04T15:01:04Z" finished-at="2019-03-04T15:01:06Z">
          <reporter-output>
          </reporter-output>
        </test-method> <!-- ValidateCheckoutFooterLogo -->
        <test-method status="PASS" signature="ValidateFooterLinks()[pri:21, instance:smokeTest.ValidateSmokeTest@7c0c77c7]" name="ValidateFooterLinks" duration-ms="74792" started-at="2019-03-04T15:01:06Z" finished-at="2019-03-04T15:02:21Z">
          <reporter-output>
          </reporter-output>
        </test-method> <!-- ValidateFooterLinks -->
        <test-method status="PASS" signature="ValidateTrackpage()[pri:22, instance:smokeTest.ValidateSmokeTest@7c0c77c7]" name="ValidateTrackpage" duration-ms="13423" started-at="2019-03-04T15:02:21Z" finished-at="2019-03-04T15:02:35Z">
          <reporter-output>
          </reporter-output>
        </test-method> <!-- ValidateTrackpage -->
        <test-method status="PASS" signature="ValidateordersPage()[pri:23, instance:smokeTest.ValidateSmokeTest@7c0c77c7]" name="ValidateordersPage" duration-ms="17497" started-at="2019-03-04T15:02:35Z" finished-at="2019-03-04T15:02:52Z">
          <reporter-output>
          </reporter-output>
        </test-method> <!-- ValidateordersPage -->
        <test-method status="PASS" signature="ValidatePurchaseAnalysisPage()[pri:24, instance:smokeTest.ValidateSmokeTest@7c0c77c7]" name="ValidatePurchaseAnalysisPage" duration-ms="24070" started-at="2019-03-04T15:02:52Z" finished-at="2019-03-04T15:03:16Z">
          <reporter-output>
          </reporter-output>
        </test-method> <!-- ValidatePurchaseAnalysisPage -->
        <test-method status="PASS" signature="ValidatePAEmail()[pri:25, instance:smokeTest.ValidateSmokeTest@7c0c77c7]" name="ValidatePAEmail" duration-ms="1364" started-at="2019-03-04T15:03:16Z" finished-at="2019-03-04T15:03:18Z">
          <reporter-output>
          </reporter-output>
        </test-method> <!-- ValidatePAEmail -->
        <test-method status="PASS" signature="ValidateCalendarPage()[pri:26, instance:smokeTest.ValidateSmokeTest@7c0c77c7]" name="ValidateCalendarPage" duration-ms="9226" started-at="2019-03-04T15:03:18Z" finished-at="2019-03-04T15:03:27Z">
          <reporter-output>
          </reporter-output>
        </test-method> <!-- ValidateCalendarPage -->
        <test-method status="PASS" signature="ValidateCalendarLinks()[pri:27, instance:smokeTest.ValidateSmokeTest@7c0c77c7]" name="ValidateCalendarLinks" duration-ms="46787" started-at="2019-03-04T15:03:27Z" finished-at="2019-03-04T15:04:14Z">
          <reporter-output>
          </reporter-output>
        </test-method> <!-- ValidateCalendarLinks -->
        <test-method status="PASS" signature="ValidateSavedReports()[pri:29, instance:smokeTest.ValidateSmokeTest@7c0c77c7]" name="ValidateSavedReports" duration-ms="14491" started-at="2019-03-04T15:04:14Z" finished-at="2019-03-04T15:04:28Z">
          <reporter-output>
          </reporter-output>
        </test-method> <!-- ValidateSavedReports -->
        <test-method status="PASS" signature="ValidateCompaePage()[pri:30, instance:smokeTest.ValidateSmokeTest@7c0c77c7]" name="ValidateCompaePage" duration-ms="42538" started-at="2019-03-04T15:04:28Z" finished-at="2019-03-04T15:05:11Z">
          <reporter-output>
          </reporter-output>
        </test-method> <!-- ValidateCompaePage -->
        <test-method status="PASS" signature="closebrowser()[pri:0, instance:smokeTest.ValidateSmokeTest@7c0c77c7]" name="closebrowser" is-config="true" duration-ms="2470" started-at="2019-03-04T15:05:11Z" finished-at="2019-03-04T15:05:13Z">
          <reporter-output>
          </reporter-output>
        </test-method> <!-- closebrowser -->
      </class> <!-- smokeTest.ValidateSmokeTest -->
    </test> <!-- Default test -->
  </suite> <!-- Default suite -->
</testng-results>
